<?xml version="1.0" encoding="UTF-8"?>
<testsuite xmlns:xsi="http://www.w3.org/2001/XMLSchema-instance" xsi:noNamespaceSchemaLocation="https://maven.apache.org/surefire/maven-surefire-plugin/xsd/surefire-test-report.xsd" name="CucumberRunner" time="12.818" tests="14" errors="0" skipped="13" failures="0">
  <properties>
    <property name="idea.version" value="2017.2.5"/>
    <property name="java.runtime.name" value="Java(TM) SE Runtime Environment"/>
    <property name="sun.boot.library.path" value="C:\Program Files\Java\jdk1.8.0_161\jre\bin"/>
    <property name="java.vm.version" value="25.161-b12"/>
    <property name="java.vm.vendor" value="Oracle Corporation"/>
    <property name="maven.multiModuleProjectDirectory" value="C:\Users\user\Documents\Автоматизация\TaskFinalYandex\TaskFinalYandex"/>
    <property name="java.vendor.url" value="http://java.oracle.com/"/>
    <property name="path.separator" value=";"/>
    <property name="guice.disable.misplaced.annotation.check" value="true"/>
    <property name="java.vm.name" value="Java HotSpot(TM) 64-Bit Server VM"/>
    <property name="file.encoding.pkg" value="sun.io"/>
    <property name="user.script" value=""/>
    <property name="user.country" value="RU"/>
    <property name="sun.java.launcher" value="SUN_STANDARD"/>
    <property name="sun.os.patch.level" value="Service Pack 1"/>
    <property name="java.vm.specification.name" value="Java Virtual Machine Specification"/>
    <property name="user.dir" value="C:\Users\user\Documents\Автоматизация\TaskFinalYandex\TaskFinalYandex"/>
    <property name="java.runtime.version" value="1.8.0_161-b12"/>
    <property name="java.awt.graphicsenv" value="sun.awt.Win32GraphicsEnvironment"/>
    <property name="java.endorsed.dirs" value="C:\Program Files\Java\jdk1.8.0_161\jre\lib\endorsed"/>
    <property name="os.arch" value="amd64"/>
    <property name="java.io.tmpdir" value="C:\Users\user\AppData\Local\Temp\"/>
    <property name="line.separator" value="&#10;"/>
    <property name="java.vm.specification.vendor" value="Oracle Corporation"/>
    <property name="user.variant" value=""/>
    <property name="os.name" value="Windows 7"/>
    <property name="classworlds.conf" value="C:\Program Files\JetBrains\IntelliJ IDEA Community Edition 2017.2.5\plugins\maven\lib\maven3\bin\m2.conf"/>
    <property name="sun.jnu.encoding" value="Cp1251"/>
    <property name="java.library.path" value="C:\Program Files\Java\jdk1.8.0_161\bin;C:\Windows\Sun\Java\bin;C:\Windows\system32;C:\Windows;C:\ProgramData\Oracle\Java\javapath;C:\Windows\system32;C:\Windows;C:\Windows\System32\Wbem;C:\Windows\System32\WindowsPowerShell\v1.0\;C:\Program Files\Git\cmd;C:\Program Files\Java\jdk1.8.0_161\bin;C:\Program Files\Maven\apache-maven-3.5.2-bin\apache-maven-3.5.2\bin;."/>
    <property name="java.specification.name" value="Java Platform API Specification"/>
    <property name="java.class.version" value="52.0"/>
    <property name="sun.management.compiler" value="HotSpot 64-Bit Tiered Compilers"/>
    <property name="os.version" value="6.1"/>
    <property name="user.home" value="C:\Users\user"/>
    <property name="user.timezone" value="Europe/Moscow"/>
    <property name="java.awt.printerjob" value="sun.awt.windows.WPrinterJob"/>
    <property name="java.specification.version" value="1.8"/>
    <property name="file.encoding" value="UTF-8"/>
    <property name="user.name" value="user"/>
    <property name="java.class.path" value="C:\Program Files\JetBrains\IntelliJ IDEA Community Edition 2017.2.5\plugins\maven\lib\maven3\boot\plexus-classworlds-2.5.2.jar;C:\Program Files\JetBrains\IntelliJ IDEA Community Edition 2017.2.5\lib\idea_rt.jar"/>
    <property name="java.vm.specification.version" value="1.8"/>
    <property name="sun.arch.data.model" value="64"/>
    <property name="java.home" value="C:\Program Files\Java\jdk1.8.0_161\jre"/>
    <property name="sun.java.command" value="org.codehaus.classworlds.Launcher -Didea.version=2017.2.5 clean -Denvironment=environment install"/>
    <property name="java.specification.vendor" value="Oracle Corporation"/>
    <property name="user.language" value="ru"/>
    <property name="awt.toolkit" value="sun.awt.windows.WToolkit"/>
    <property name="java.vm.info" value="mixed mode"/>
    <property name="java.version" value="1.8.0_161"/>
    <property name="java.ext.dirs" value="C:\Program Files\Java\jdk1.8.0_161\jre\lib\ext;C:\Windows\Sun\Java\lib\ext"/>
    <property name="sun.boot.class.path" value="C:\Program Files\Java\jdk1.8.0_161\jre\lib\resources.jar;C:\Program Files\Java\jdk1.8.0_161\jre\lib\rt.jar;C:\Program Files\Java\jdk1.8.0_161\jre\lib\sunrsasign.jar;C:\Program Files\Java\jdk1.8.0_161\jre\lib\jsse.jar;C:\Program Files\Java\jdk1.8.0_161\jre\lib\jce.jar;C:\Program Files\Java\jdk1.8.0_161\jre\lib\charsets.jar;C:\Program Files\Java\jdk1.8.0_161\jre\lib\jfr.jar;C:\Program Files\Java\jdk1.8.0_161\jre\classes"/>
    <property name="java.vendor" value="Oracle Corporation"/>
    <property name="environment" value="environment"/>
    <property name="maven.home" value="C:\Program Files\JetBrains\IntelliJ IDEA Community Edition 2017.2.5\plugins\maven\lib\maven3"/>
    <property name="file.separator" value="\"/>
    <property name="java.vendor.url.bug" value="http://bugreport.sun.com/bugreport/"/>
    <property name="sun.cpu.endian" value="little"/>
    <property name="sun.io.unicode.encoding" value="UnicodeLittle"/>
    <property name="sun.desktop" value="windows"/>
    <property name="sun.cpu.isalist" value="amd64"/>
  </properties>
  <testcase name="Когда Осуществлен переход на страницу Yandex" classname="Сценарий: Поиск телевизора в Яндекс маркете" time="0">
    <skipped/>
    <system-out><![CDATA[http://www.yandex.ru
]]></system-out>
    <system-err><![CDATA[SLF4J: Failed to load class "org.slf4j.impl.StaticLoggerBinder".
SLF4J: Defaulting to no-operation (NOP) logger implementation
SLF4J: See http://www.slf4j.org/codes.html#StaticLoggerBinder for further details.
Starting ChromeDriver 2.35.528161 (5b82f2d2aae0ca24b877009200ced9065a772e73) on port 30305
Only local connections are allowed.
фев 01, 2018 9:38:26 PM org.openqa.selenium.remote.ProtocolHandshake createSession
INFO: Detected dialect: OSS
]]></system-err>
  </testcase>
  <testcase name="Когда Выбран пунк меню &quot;Маркет&quot;" classname="Сценарий: Поиск телевизора в Яндекс маркете" time="0">
    <skipped/>
  </testcase>
  <testcase name="Когда Выбран пунк меню - &quot;Страхование путешественников&quot;" classname="Сценарий: Поиск телевизора в Яндекс маркете" time="0">
    <skipped/>
  </testcase>
  <testcase name="Когда Выполнена проверка текстовки Страхование путешественников на странице SP" classname="Сценарий: Поиск телевизора в Яндекс маркете" time="0">
    <skipped/>
  </testcase>
  <testcase name="Когда Выполнено нажатие на кнопку - оформить онлайн" classname="Сценарий: Поиск телевизора в Яндекс маркете" time="0">
    <skipped/>
  </testcase>
  <testcase name="Тогда Выполнен переход на страницу выбора полиса" classname="Сценарий: Поиск телевизора в Яндекс маркете" time="0">
    <skipped/>
  </testcase>
  <testcase name="Когда Выполнено нажатие на поле &apos;выберите сумму страховой защиты&apos; - Минимальная" classname="Сценарий: Поиск телевизора в Яндекс маркете" time="0">
    <skipped/>
  </testcase>
  <testcase name="Когда Выполнено нажатие на кнопку Продолжить" classname="Сценарий: Поиск телевизора в Яндекс маркете" time="0">
    <skipped/>
  </testcase>
  <testcase name="Когда заполняются поля:" classname="Сценарий: Поиск телевизора в Яндекс маркете" time="0">
    <skipped/>
  </testcase>
  <testcase name="Тогда значения полей равны:" classname="Сценарий: Поиск телевизора в Яндекс маркете" time="0">
    <skipped/>
  </testcase>
  <testcase name="Когда Выполнено нажатие на кнопку - Продолжить" classname="Сценарий: Поиск телевизора в Яндекс маркете" time="0">
    <skipped/>
  </testcase>
  <testcase name="Тогда Проверка появления текста Заполнены не все обязательные поля" classname="Сценарий: Поиск телевизора в Яндекс маркете" time="0">
    <skipped/>
  </testcase>
  <testcase name="Сценарий: Поиск телевизора в Яндекс маркете" classname="Сценарий: Поиск телевизора в Яндекс маркете" time="0">
    <skipped/>
  </testcase>
  <testcase name="Сценарий: Поиск телевизора в Яндекс маркете" classname="Сценарий: Поиск телевизора в Яндекс маркете" time="9.993"/>
</testsuite>